{"type":"server-started","port":50431,"host":"127.0.0.1","url_host":"localhost","url":"http://localhost:50431","screen_dir":"/Users/bartekjagniatkowski/Library/Mobile Documents/com~apple~CloudDocs/Work/Development/job-screener/.superpowers/brainstorm/58638-1778063541/content","state_dir":"/Users/bartekjagniatkowski/Library/Mobile Documents/com~apple~CloudDocs/Work/Development/job-screener/.superpowers/brainstorm/58638-1778063541/state"}
{"type":"screen-added","file":"/Users/bartekjagniatkowski/Library/Mobile Documents/com~apple~CloudDocs/Work/Development/job-screener/.superpowers/brainstorm/58638-1778063541/content/waiting.html"}
{"type":"screen-updated","file":"/Users/bartekjagniatkowski/Library/Mobile Documents/com~apple~CloudDocs/Work/Development/job-screener/.superpowers/brainstorm/58638-1778063541/content/waiting.html"}
{"type":"screen-updated","file":"/Users/bartekjagniatkowski/Library/Mobile Documents/com~apple~CloudDocs/Work/Development/job-screener/.superpowers/brainstorm/58638-1778063541/content/waiting.html"}
{"type":"screen-added","file":"/Users/bartekjagniatkowski/Library/Mobile Documents/com~apple~CloudDocs/Work/Development/job-screener/.superpowers/brainstorm/58638-1778063541/content/banner-content.html"}
{"type":"screen-updated","file":"/Users/bartekjagniatkowski/Library/Mobile Documents/com~apple~CloudDocs/Work/Development/job-screener/.superpowers/brainstorm/58638-1778063541/content/banner-content.html"}
{"type":"screen-updated","file":"/Users/bartekjagniatkowski/Library/Mobile Documents/com~apple~CloudDocs/Work/Development/job-screener/.superpowers/brainstorm/58638-1778063541/content/banner-content.html"}
{"type":"screen-added","file":"/Users/bartekjagniatkowski/Library/Mobile Documents/com~apple~CloudDocs/Work/Development/job-screener/.superpowers/brainstorm/58638-1778063541/content/banner-position.html"}
{"type":"screen-updated","file":"/Users/bartekjagniatkowski/Library/Mobile Documents/com~apple~CloudDocs/Work/Development/job-screener/.superpowers/brainstorm/58638-1778063541/content/banner-position.html"}
{"type":"screen-updated","file":"/Users/bartekjagniatkowski/Library/Mobile Documents/com~apple~CloudDocs/Work/Development/job-screener/.superpowers/brainstorm/58638-1778063541/content/banner-position.html"}
{"type":"screen-updated","file":"/Users/bartekjagniatkowski/Library/Mobile Documents/com~apple~CloudDocs/Work/Development/job-screener/.superpowers/brainstorm/58638-1778063541/content/banner-position.html"}
{"source":"user-event","type":"click","text":"A\n    \n      Top bar — below nav\n      Full-width strip, always visible, pushes content down slightly\n      \n        \n          Job Screener\n          AnalyzeHistorySettings\n        \n        \n          \n          Analyzing — Senior PM · Figma\n          \n            \n            \n            \n          \n        \n        Page content...","choice":"a","id":null,"timestamp":1778063768167}
{"source":"user-event","type":"click","text":"A\n    \n      Top bar — below nav\n      Full-width strip, always visible, pushes content down slightly\n      \n        \n          Job Screener\n          AnalyzeHistorySettings\n        \n        \n          \n          Analyzing — Senior PM · Figma\n          \n            \n            \n            \n          \n        \n        Page content...","choice":"a","id":null,"timestamp":1778063776806}
{"source":"user-event","type":"click","text":"A\n    \n      Top bar — below nav\n      Full-width strip, always visible, pushes content down slightly\n      \n        \n          Job Screener\n          AnalyzeHistorySettings\n        \n        \n          \n          Analyzing — Senior PM · Figma\n          \n            \n            \n            \n          \n        \n        Page content...","choice":"a","id":null,"timestamp":1778063777465}
{"source":"user-event","type":"click","text":"B\n    \n      Bottom bar — above footer\n      Full-width strip pinned to bottom, doesn't interrupt reading flow\n      \n        \n          Job Screener\n          AnalyzeHistorySettings\n        \n        Page content...\n        \n          \n          Analyzing — Senior PM · Figma","choice":"b","id":null,"timestamp":1778063778171}
{"source":"user-event","type":"click","text":"A\n    \n      Top bar — below nav\n      Full-width strip, always visible, pushes content down slightly\n      \n        \n          Job Screener\n          AnalyzeHistorySettings\n        \n        \n          \n          Analyzing — Senior PM · Figma\n          \n            \n            \n            \n          \n        \n        Page content...","choice":"a","id":null,"timestamp":1778063778846}
{"source":"user-event","type":"click","text":"A\n    \n      Top bar — below nav\n      Full-width strip, always visible, pushes content down slightly\n      \n        \n          Job Screener\n          AnalyzeHistorySettings\n        \n        \n          \n          Analyzing — Senior PM · Figma\n          \n            \n            \n            \n          \n        \n        Page content...","choice":"a","id":null,"timestamp":1778063779821}
{"type":"screen-added","file":"/Users/bartekjagniatkowski/Library/Mobile Documents/com~apple~CloudDocs/Work/Development/job-screener/.superpowers/brainstorm/58638-1778063541/content/banner-states.html"}
{"type":"screen-updated","file":"/Users/bartekjagniatkowski/Library/Mobile Documents/com~apple~CloudDocs/Work/Development/job-screener/.superpowers/brainstorm/58638-1778063541/content/banner-states.html"}
{"type":"screen-updated","file":"/Users/bartekjagniatkowski/Library/Mobile Documents/com~apple~CloudDocs/Work/Development/job-screener/.superpowers/brainstorm/58638-1778063541/content/banner-states.html"}
{"type":"screen-updated","file":"/Users/bartekjagniatkowski/Library/Mobile Documents/com~apple~CloudDocs/Work/Development/job-screener/.superpowers/brainstorm/58638-1778063541/content/banner-states.html"}
{"type":"screen-updated","file":"/Users/bartekjagniatkowski/Library/Mobile Documents/com~apple~CloudDocs/Work/Development/job-screener/.superpowers/brainstorm/58638-1778063541/content/banner-states.html"}
{"type":"server-stopped","reason":"idle timeout"}
