{"type":"server-started","port":50455,"host":"127.0.0.1","url_host":"localhost","url":"http://localhost:50455","screen_dir":"/Users/bartekjagniatkowski/Library/Mobile Documents/com~apple~CloudDocs/Work/Development/job-screener/.superpowers/brainstorm/9221-1778099579/content","state_dir":"/Users/bartekjagniatkowski/Library/Mobile Documents/com~apple~CloudDocs/Work/Development/job-screener/.superpowers/brainstorm/9221-1778099579/state"}
{"type":"screen-added","file":"/Users/bartekjagniatkowski/Library/Mobile Documents/com~apple~CloudDocs/Work/Development/job-screener/.superpowers/brainstorm/9221-1778099579/content/analytics-directions.html"}
{"type":"screen-updated","file":"/Users/bartekjagniatkowski/Library/Mobile Documents/com~apple~CloudDocs/Work/Development/job-screener/.superpowers/brainstorm/9221-1778099579/content/analytics-directions.html"}
{"source":"user-event","type":"click","text":"C\n    \n      Collapsed secondary sections\n      Keep the top stats and verdict/layer charts fully visible. Collapse lower-priority sections (fit distribution, role archetypes) into expandable rows — less clutter, quicker scan.\n      \n        Analytics\n        Aggregated statistics from all your analyses.\n\n        \n          Total analyzed47\n          Applied511% of total\n          Co. rejected240% of applied\n          Avg fit3.4/5\n        \n\n        Verdict distribution\n        Worth considering8\n        Needs review5\n        Rejected34\n\n        \n\n        Layer flag frequency\n        Reputation11\n        Business7\n\n        \n\n        Fit score distribution▶\n        Role archetypes▶","choice":"c","id":null,"timestamp":1778099918818}
{"source":"user-event","type":"click","text":"C\n    \n      Collapsed secondary sections\n      Keep the top stats and verdict/layer charts fully visible. Collapse lower-priority sections (fit distribution, role archetypes) into expandable rows — less clutter, quicker scan.\n      \n        Analytics\n        Aggregated statistics from all your analyses.\n\n        \n          Total analyzed47\n          Applied511% of total\n          Co. rejected240% of applied\n          Avg fit3.4/5\n        \n\n        Verdict distribution\n        Worth considering8\n        Needs review5\n        Rejected34\n\n        \n\n        Layer flag frequency\n        Reputation11\n        Business7\n\n        \n\n        Fit score distribution▶\n        Role archetypes▶","choice":"c","id":null,"timestamp":1778099919820}
{"type":"screen-updated","file":"/Users/bartekjagniatkowski/Library/Mobile Documents/com~apple~CloudDocs/Work/Development/job-screener/.superpowers/brainstorm/9221-1778099579/content/analytics-directions.html"}
{"type":"screen-updated","file":"/Users/bartekjagniatkowski/Library/Mobile Documents/com~apple~CloudDocs/Work/Development/job-screener/.superpowers/brainstorm/9221-1778099579/content/analytics-directions.html"}
{"source":"user-event","type":"click","text":"A\n    \n      Summary-first\n      Add a plain-English TL;DR card at the top that interprets the numbers. Sections stay mostly the same — just better ordered and cleaner.\n      \n        Analytics\n        Aggregated statistics from all your analyses.\n\n        \n          \n            You've analyzed 47 jobs. 72% were rejected outright. Of the 8 worth considering, you've applied to 5 — a 62% follow-through rate. Reputation flags are your most common blocker.\n          \n        \n\n        \n          Total analyzed47\n          Applied511% of total\n          Avg fit score3.4/5\n        \n\n        Verdict distribution\n        Worth considering8\n        Needs review5\n        Rejected34","choice":"a","id":null,"timestamp":1778100054993}
{"type":"screen-updated","file":"/Users/bartekjagniatkowski/Library/Mobile Documents/com~apple~CloudDocs/Work/Development/job-screener/.superpowers/brainstorm/9221-1778099579/content/analytics-directions.html"}
{"type":"screen-added","file":"/Users/bartekjagniatkowski/Library/Mobile Documents/com~apple~CloudDocs/Work/Development/job-screener/.superpowers/brainstorm/9221-1778099579/content/analytics-combined.html"}
{"type":"screen-updated","file":"/Users/bartekjagniatkowski/Library/Mobile Documents/com~apple~CloudDocs/Work/Development/job-screener/.superpowers/brainstorm/9221-1778099579/content/analytics-combined.html"}
{"type":"screen-updated","file":"/Users/bartekjagniatkowski/Library/Mobile Documents/com~apple~CloudDocs/Work/Development/job-screener/.superpowers/brainstorm/9221-1778099579/content/analytics-combined.html"}
{"type":"screen-updated","file":"/Users/bartekjagniatkowski/Library/Mobile Documents/com~apple~CloudDocs/Work/Development/job-screener/.superpowers/brainstorm/9221-1778099579/content/analytics-combined.html"}
{"type":"screen-updated","file":"/Users/bartekjagniatkowski/Library/Mobile Documents/com~apple~CloudDocs/Work/Development/job-screener/.superpowers/brainstorm/9221-1778099579/content/analytics-combined.html"}
{"type":"screen-added","file":"/Users/bartekjagniatkowski/Library/Mobile Documents/com~apple~CloudDocs/Work/Development/job-screener/.superpowers/brainstorm/9221-1778099579/content/analytics-verdict-fit.html"}
{"type":"screen-updated","file":"/Users/bartekjagniatkowski/Library/Mobile Documents/com~apple~CloudDocs/Work/Development/job-screener/.superpowers/brainstorm/9221-1778099579/content/analytics-verdict-fit.html"}
{"type":"screen-updated","file":"/Users/bartekjagniatkowski/Library/Mobile Documents/com~apple~CloudDocs/Work/Development/job-screener/.superpowers/brainstorm/9221-1778099579/content/analytics-verdict-fit.html"}
{"type":"screen-updated","file":"/Users/bartekjagniatkowski/Library/Mobile Documents/com~apple~CloudDocs/Work/Development/job-screener/.superpowers/brainstorm/9221-1778099579/content/analytics-verdict-fit.html"}
{"source":"user-event","type":"click","text":"A\n    \n      Single stacked bar\n      One proportional bar — proportions obvious at a glance. Legend below. Pure CSS, no library.\n      \n        Verdict distribution\n        \n          \n          \n          \n          \n        \n        \n          Worth considering — 8\n          Needs review — 5\n          Rejected — 27\n          Rejected (AI) — 7","choice":"verdict-stacked","id":null,"timestamp":1778100516774}
{"type":"screen-updated","file":"/Users/bartekjagniatkowski/Library/Mobile Documents/com~apple~CloudDocs/Work/Development/job-screener/.superpowers/brainstorm/9221-1778099579/content/analytics-verdict-fit.html"}
{"source":"user-event","type":"click","text":"A\n    \n      Single stacked bar\n      One proportional bar — proportions obvious at a glance. Legend below. Pure CSS, no library.\n      \n        Verdict distribution\n        \n          \n          \n          \n          \n        \n        \n          Worth considering — 8\n          Needs review — 5\n          Rejected — 27\n          Rejected (AI) — 7","choice":"verdict-stacked","id":null,"timestamp":1778100524622}
{"type":"screen-added","file":"/Users/bartekjagniatkowski/Library/Mobile Documents/com~apple~CloudDocs/Work/Development/job-screener/.superpowers/brainstorm/9221-1778099579/content/analytics-final.html"}
{"type":"screen-updated","file":"/Users/bartekjagniatkowski/Library/Mobile Documents/com~apple~CloudDocs/Work/Development/job-screener/.superpowers/brainstorm/9221-1778099579/content/analytics-final.html"}
{"type":"screen-updated","file":"/Users/bartekjagniatkowski/Library/Mobile Documents/com~apple~CloudDocs/Work/Development/job-screener/.superpowers/brainstorm/9221-1778099579/content/analytics-final.html"}
{"type":"screen-updated","file":"/Users/bartekjagniatkowski/Library/Mobile Documents/com~apple~CloudDocs/Work/Development/job-screener/.superpowers/brainstorm/9221-1778099579/content/analytics-final.html"}
{"source":"user-event","type":"click","text":"✓\n    Approved — write the spec","choice":"approved","id":null,"timestamp":1778100780726}
{"type":"screen-added","file":"/Users/bartekjagniatkowski/Library/Mobile Documents/com~apple~CloudDocs/Work/Development/job-screener/.superpowers/brainstorm/9221-1778099579/content/waiting.html"}
{"type":"screen-updated","file":"/Users/bartekjagniatkowski/Library/Mobile Documents/com~apple~CloudDocs/Work/Development/job-screener/.superpowers/brainstorm/9221-1778099579/content/waiting.html"}
{"type":"screen-updated","file":"/Users/bartekjagniatkowski/Library/Mobile Documents/com~apple~CloudDocs/Work/Development/job-screener/.superpowers/brainstorm/9221-1778099579/content/waiting.html"}
{"type":"screen-updated","file":"/Users/bartekjagniatkowski/Library/Mobile Documents/com~apple~CloudDocs/Work/Development/job-screener/.superpowers/brainstorm/9221-1778099579/content/waiting.html"}
{"type":"server-stopped","reason":"idle timeout"}
